<?xml version="1.0" encoding="UTF-8"?>
<!-- Generated by org.testng.reporters.JUnitReportReporter -->
<testsuite hostname="LAPTOP-3T35BHHB" failures="0" tests="1" name="com.inetbanking.testCases.TC_ADDcustomer_003" time="6.556" errors="0" timestamp="21 Jun 2020 06:24:11 GMT" skipped="0">
  <testcase classname="com.inetbanking.testCases.TC_ADDcustomer_003" name="addNewCustomer" time="6.556"/>
</testsuite> <!-- com.inetbanking.testCases.TC_ADDcustomer_003 -->
