<?xml version="1.0" encoding="UTF-8"?>
<!-- Generated by org.testng.reporters.JUnitReportReporter -->
<testsuite hostname="LAPTOP-3T35BHHB" failures="0" tests="1" name="com.inetbanking.testCases.TC_ADDcustomer_003" time="8.947" errors="0" timestamp="21 Jun 2020 11:14:25 GMT" skipped="0">
  <testcase classname="com.inetbanking.testCases.TC_ADDcustomer_003" name="addNewCustomer" time="8.947"/>
</testsuite> <!-- com.inetbanking.testCases.TC_ADDcustomer_003 -->
